

Started GET "/" for 83.141.77.130 at 2016-03-07 20:11:07 +0000
Cannot render console from 83.141.77.130! Allowed networks: 127.0.0.1, ::1, 127.0.0.0/127.255.255.255
Processing by Rails::WelcomeController#index as HTML
  Rendered /usr/local/rvm/gems/ruby-2.3.0/gems/railties-4.2.5/lib/rails/templates/rails/welcome/index.html.erb (6.7ms)
Completed 200 OK in 46ms (Views: 30.6ms | ActiveRecord: 0.0ms)


Started GET "/" for 83.141.77.130 at 2016-03-07 20:12:14 +0000
Processing by Rails::WelcomeController#index as HTML
  Rendered /usr/local/rvm/gems/ruby-2.3.0/gems/railties-4.2.2/lib/rails/templates/rails/welcome/index.html.erb (4.2ms)
Completed 200 OK in 55ms (Views: 35.7ms | ActiveRecord: 0.0ms)


Started GET "/" for 83.141.77.130 at 2016-03-07 20:12:37 +0000
Processing by Rails::WelcomeController#index as HTML
  Rendered /usr/local/rvm/gems/ruby-2.3.0/gems/railties-4.2.2/lib/rails/templates/rails/welcome/index.html.erb (4.1ms)
Completed 200 OK in 50ms (Views: 29.5ms | ActiveRecord: 0.0ms)


Started GET "/" for 83.141.77.130 at 2016-03-07 20:13:44 +0000
Processing by Rails::WelcomeController#index as HTML
  Rendered /usr/local/rvm/gems/ruby-2.3.0/gems/railties-4.2.2/lib/rails/templates/rails/welcome/index.html.erb (4.6ms)
Completed 200 OK in 50ms (Views: 34.6ms | ActiveRecord: 0.0ms)


Started GET "/static_pages/home" for 83.141.77.130 at 2016-03-07 20:13:58 +0000
Processing by StaticPagesController#home as HTML
  Rendered static_pages/home.html.erb within layouts/application (0.5ms)
Completed 200 OK in 1891ms (Views: 1890.4ms | ActiveRecord: 0.0ms)


Started GET "/assets/static_pages.self-e3b0c44298fc1c149afbf4c8996fb92427ae41e4649b934ca495991b7852b855.css?body=1" for 83.141.77.130 at 2016-03-07 20:14:00 +0000


Started GET "/assets/jquery.self-d03a5518f45df77341bdbe6201ba3bfa547ebba8ed64f0ea56bfa5f96ea7c074.js?body=1" for 83.141.77.130 at 2016-03-07 20:14:00 +0000


Started GET "/assets/application.self-e80e8f2318043e8af94dddc2adad5a4f09739a8ebb323b3ab31cd71d45fd9113.css?body=1" for 83.141.77.130 at 2016-03-07 20:14:00 +0000


Started GET "/assets/jquery_ujs.self-8e98a7a072a6cee1372d19fff9ff3e6aa1e39a37d89d6f06861637d061113ee7.js?body=1" for 83.141.77.130 at 2016-03-07 20:14:00 +0000


Started GET "/assets/turbolinks.self-c846e670826600e8c91b1a5ada3e6547110d996cd6ff24cde55024f7a135a1b4.js?body=1" for 83.141.77.130 at 2016-03-07 20:14:00 +0000


Started GET "/assets/static_pages.self-877aef30ae1b040ab8a3aba4e3e309a11d7f2612f44dde450b5c157aa5f95c05.js?body=1" for 83.141.77.130 at 2016-03-07 20:14:00 +0000


Started GET "/assets/application.self-3b8dabdc891efe46b9a144b400ad69e37d7e5876bdc39dee783419a69d7ca819.js?body=1" for 83.141.77.130 at 2016-03-07 20:14:00 +0000


Started GET "/" for 83.141.77.130 at 2016-03-07 20:20:08 +0000
Processing by Rails::WelcomeController#index as HTML
  Rendered /usr/local/rvm/gems/ruby-2.3.0/gems/railties-4.2.2/lib/rails/templates/rails/welcome/index.html.erb (5.6ms)
Completed 200 OK in 54ms (Views: 34.4ms | ActiveRecord: 0.0ms)


Started GET "/static_pages/home" for 83.141.77.130 at 2016-03-07 20:20:15 +0000
Processing by StaticPagesController#home as HTML
  Rendered static_pages/home.html.erb within layouts/application (0.5ms)
Completed 200 OK in 294ms (Views: 293.6ms | ActiveRecord: 0.0ms)


Started GET "/static_pages/help" for 83.141.77.130 at 2016-03-07 20:20:39 +0000
Processing by StaticPagesController#help as HTML
  Rendered static_pages/help.html.erb within layouts/application (0.6ms)
Completed 200 OK in 54ms (Views: 53.3ms | ActiveRecord: 0.0ms)


Started GET "/" for 83.141.77.130 at 2016-03-07 21:11:04 +0000
Processing by Rails::WelcomeController#index as HTML
  Rendered /usr/local/rvm/gems/ruby-2.3.0/gems/railties-4.2.2/lib/rails/templates/rails/welcome/index.html.erb (5.3ms)
Completed 200 OK in 48ms (Views: 31.7ms | ActiveRecord: 0.0ms)


Started GET "/static_pages/help" for 83.141.77.130 at 2016-03-07 21:11:09 +0000
Processing by StaticPagesController#help as HTML
  Rendered static_pages/help.html.erb within layouts/application (1.2ms)
Completed 200 OK in 312ms (Views: 310.7ms | ActiveRecord: 0.0ms)


Started GET "/static_pages/home?controllers=static_pages_controller" for 83.141.77.130 at 2016-03-07 21:11:12 +0000
Processing by StaticPagesController#home as HTML
  Parameters: {"controllers"=>"static_pages_controller"}
  Rendered static_pages/home.html.erb within layouts/application (0.7ms)
Completed 200 OK in 57ms (Views: 56.8ms | ActiveRecord: 0.0ms)


Started GET "/" for 83.141.77.130 at 2016-03-07 21:15:09 +0000

ActionController::RoutingError (uninitialized constant StaticPagesControllerController):
  activesupport (4.2.2) lib/active_support/inflector/methods.rb:261:in `const_get'
  activesupport (4.2.2) lib/active_support/inflector/methods.rb:261:in `block in constantize'
  activesupport (4.2.2) lib/active_support/inflector/methods.rb:259:in `each'
  activesupport (4.2.2) lib/active_support/inflector/methods.rb:259:in `inject'
  activesupport (4.2.2) lib/active_support/inflector/methods.rb:259:in `constantize'
  actionpack (4.2.2) lib/action_dispatch/routing/route_set.rb:70:in `controller_reference'
  actionpack (4.2.2) lib/action_dispatch/routing/route_set.rb:60:in `controller'
  actionpack (4.2.2) lib/action_dispatch/routing/route_set.rb:39:in `serve'
  actionpack (4.2.2) lib/action_dispatch/journey/router.rb:43:in `block in serve'
  actionpack (4.2.2) lib/action_dispatch/journey/router.rb:30:in `each'
  actionpack (4.2.2) lib/action_dispatch/journey/router.rb:30:in `serve'
  actionpack (4.2.2) lib/action_dispatch/routing/route_set.rb:819:in `call'
  rack (1.6.4) lib/rack/etag.rb:24:in `call'
  rack (1.6.4) lib/rack/conditionalget.rb:25:in `call'
  rack (1.6.4) lib/rack/head.rb:13:in `call'
  actionpack (4.2.2) lib/action_dispatch/middleware/params_parser.rb:27:in `call'
  actionpack (4.2.2) lib/action_dispatch/middleware/flash.rb:260:in `call'
  rack (1.6.4) lib/rack/session/abstract/id.rb:225:in `context'
  rack (1.6.4) lib/rack/session/abstract/id.rb:220:in `call'
  actionpack (4.2.2) lib/action_dispatch/middleware/cookies.rb:560:in `call'
  activerecord (4.2.2) lib/active_record/query_cache.rb:36:in `call'
  activerecord (4.2.2) lib/active_record/connection_adapters/abstract/connection_pool.rb:649:in `call'
  activerecord (4.2.2) lib/active_record/migration.rb:378:in `call'
  actionpack (4.2.2) lib/action_dispatch/middleware/callbacks.rb:29:in `block in call'
  activesupport (4.2.2) lib/active_support/callbacks.rb:88:in `_run_callbacks'
  activesupport (4.2.2) lib/active_support/callbacks.rb:776:in `_run_call_callbacks'
  activesupport (4.2.2) lib/active_support/callbacks.rb:81:in `run_callbacks'
  actionpack (4.2.2) lib/action_dispatch/middleware/callbacks.rb:27:in `call'
  actionpack (4.2.2) lib/action_dispatch/middleware/reloader.rb:73:in `call'
  actionpack (4.2.2) lib/action_dispatch/middleware/remote_ip.rb:78:in `call'
  web-console (2.0.0.beta3) lib/action_dispatch/debug_exceptions.rb:18:in `middleware_call'
  web-console (2.0.0.beta3) lib/action_dispatch/debug_exceptions.rb:13:in `call'
  actionpack (4.2.2) lib/action_dispatch/middleware/show_exceptions.rb:30:in `call'
  railties (4.2.2) lib/rails/rack/logger.rb:38:in `call_app'
  railties (4.2.2) lib/rails/rack/logger.rb:20:in `block in call'
  activesupport (4.2.2) lib/active_support/tagged_logging.rb:68:in `block in tagged'
  activesupport (4.2.2) lib/active_support/tagged_logging.rb:26:in `tagged'
  activesupport (4.2.2) lib/active_support/tagged_logging.rb:68:in `tagged'
  railties (4.2.2) lib/rails/rack/logger.rb:20:in `call'
  actionpack (4.2.2) lib/action_dispatch/middleware/request_id.rb:21:in `call'
  rack (1.6.4) lib/rack/methodoverride.rb:22:in `call'
  rack (1.6.4) lib/rack/runtime.rb:18:in `call'
  activesupport (4.2.2) lib/active_support/cache/strategy/local_cache_middleware.rb:28:in `call'
  rack (1.6.4) lib/rack/lock.rb:17:in `call'
  actionpack (4.2.2) lib/action_dispatch/middleware/static.rb:113:in `call'
  rack (1.6.4) lib/rack/sendfile.rb:113:in `call'
  railties (4.2.2) lib/rails/engine.rb:518:in `call'
  railties (4.2.2) lib/rails/application.rb:164:in `call'
  rack (1.6.4) lib/rack/lock.rb:17:in `call'
  rack (1.6.4) lib/rack/content_length.rb:15:in `call'
  rack (1.6.4) lib/rack/handler/webrick.rb:88:in `service'
  /usr/local/rvm/rubies/ruby-2.3.0/lib/ruby/2.3.0/webrick/httpserver.rb:140:in `service'
  /usr/local/rvm/rubies/ruby-2.3.0/lib/ruby/2.3.0/webrick/httpserver.rb:96:in `run'
  /usr/local/rvm/rubies/ruby-2.3.0/lib/ruby/2.3.0/webrick/server.rb:296:in `block in start_thread'


  Rendered /usr/local/rvm/gems/ruby-2.3.0/gems/web-console-2.0.0.beta3/lib/action_dispatch/templates/rescues/_trace.html.erb (2.5ms)
  Rendered /usr/local/rvm/gems/ruby-2.3.0/gems/web-console-2.0.0.beta3/lib/action_dispatch/templates/rescues/routing_error.html.erb within rescues/layout (99.6ms)


Started GET "/" for 83.141.77.130 at 2016-03-07 21:16:02 +0000
Processing by StaticPagesController#home as HTML
  Rendered static_pages/home.html.erb within layouts/application (7.3ms)
Completed 200 OK in 380ms (Views: 361.4ms | ActiveRecord: 0.0ms)


Started GET "/static_pages/help?controllers=static_pages_controller" for 83.141.77.130 at 2016-03-07 21:16:05 +0000
Processing by StaticPagesController#help as HTML
  Parameters: {"controllers"=>"static_pages_controller"}
  Rendered static_pages/help.html.erb within layouts/application (1.2ms)
Completed 200 OK in 45ms (Views: 44.0ms | ActiveRecord: 0.0ms)


Started GET "/static_pages/about?controllers=static_pages_controller" for 83.141.77.130 at 2016-03-07 21:16:07 +0000
Processing by StaticPagesController#about as HTML
  Parameters: {"controllers"=>"static_pages_controller"}
  Rendered static_pages/about.html.erb within layouts/application (1.8ms)
Completed 200 OK in 93ms (Views: 92.1ms | ActiveRecord: 0.0ms)


Started GET "/" for 37.228.236.90 at 2016-03-08 22:13:36 +0000
Processing by StaticPagesController#home as HTML
  Rendered static_pages/home.html.erb within layouts/application (7.3ms)
Completed 200 OK in 410ms (Views: 389.7ms | ActiveRecord: 0.0ms)


Started GET "/" for 37.228.236.90 at 2016-03-08 22:14:36 +0000
Processing by StaticPagesController#home as HTML
  Rendered static_pages/home.html.erb within layouts/application (8.4ms)
Completed 200 OK in 377ms (Views: 358.6ms | ActiveRecord: 0.0ms)


Started GET "/static_pages/contact?controllers=static_pages_controller" for 37.228.236.90 at 2016-03-08 22:14:39 +0000
Processing by StaticPagesController#contact as HTML
  Parameters: {"controllers"=>"static_pages_controller"}
  Rendered static_pages/contact.html.erb within layouts/application (0.8ms)
Completed 200 OK in 43ms (Views: 42.0ms | ActiveRecord: 0.0ms)


Started GET "/static_pages/home?controllers=static_pages_controller" for 37.228.236.90 at 2016-03-08 22:14:40 +0000
Processing by StaticPagesController#home as HTML
  Parameters: {"controllers"=>"static_pages_controller"}
  Rendered static_pages/home.html.erb within layouts/application (0.6ms)
Completed 200 OK in 95ms (Views: 94.2ms | ActiveRecord: 0.0ms)


Started GET "/static_pages/about?controllers=static_pages_controller" for 37.228.236.90 at 2016-03-08 22:14:41 +0000
Processing by StaticPagesController#about as HTML
  Parameters: {"controllers"=>"static_pages_controller"}
  Rendered static_pages/about.html.erb within layouts/application (0.6ms)
Completed 200 OK in 41ms (Views: 39.8ms | ActiveRecord: 0.0ms)


Started GET "/static_pages/home?controllers=static_pages_controller" for 37.228.236.90 at 2016-03-08 22:14:43 +0000
Processing by StaticPagesController#home as HTML
  Parameters: {"controllers"=>"static_pages_controller"}
  Rendered static_pages/home.html.erb within layouts/application (0.1ms)
Completed 200 OK in 43ms (Views: 41.8ms | ActiveRecord: 0.0ms)


Started GET "/static_pages/help?controllers=static_pages_controller" for 37.228.236.90 at 2016-03-08 22:14:44 +0000
Processing by StaticPagesController#help as HTML
  Parameters: {"controllers"=>"static_pages_controller"}
  Rendered static_pages/help.html.erb within layouts/application (1.8ms)
Completed 200 OK in 55ms (Views: 54.4ms | ActiveRecord: 0.0ms)
